2019-10-30 11:27:05,352 - root - DEBUG - Auth/authenticate()
2019-10-30 11:27:05,352 - root - DEBUG - Auth/authenticate() --> needed to authenticate
2019-10-30 11:27:05,352 - root - DEBUG - RSA_auth/get_session_token() function started
2019-10-30 11:27:05,352 - root - DEBUG - RSA_auth/getJWT() function started
2019-10-30 11:27:06,012 - root - DEBUG - RSA/session token success
2019-10-30 11:27:06,013 - root - DEBUG - RSA_auth/get_keyauth()
2019-10-30 11:27:06,013 - root - DEBUG - RSA_auth/getJWT() function started
2019-10-30 11:27:06,371 - root - DEBUG - RSA/keymanager token success
2019-10-30 11:27:06,373 - root - INFO - DataFeedEventService/startDataFeed()
2019-10-30 11:27:06,373 - root - DEBUG - DataFeedClient/create_datafeed()
2019-10-30 11:27:07,665 - root - DEBUG - DataFeedClient/read_datafeed()
2019-10-30 11:27:15,989 - root - DEBUG - DataFeedEventService/read_datafeed() --> Incoming data from read_datafeed(): {
    "messageSent": {
        "message": {
            "messageId": "nEHa8MgH3yhTW3UfAN4yLX___pHiuM8mbQ",
            "timestamp": 1572449235161,
            "message": "<div data-format=\"PresentationML\" data-version=\"2.0\" class=\"wysiwyg\"><p><span class=\"entity\" data-entity-id=\"0\">@ExpenseBot</span> create new</p></div>",
            "data": "{\"0\":{\"id\":[{\"type\":\"com.symphony.user.userId\",\"value\":\"349026222344891\"}],\"type\":\"com.symphony.user.mention\"}}",
            "user": {
                "userId": 349026222344902,
                "firstName": "Reed",
                "lastName": "Feldman",
                "displayName": "Reed Feldman (Develop 2)",
                "email": "reed.feldman@symphony.com",
                "username": "reed.feldman@symphony.com"
            },
            "stream": {
                "streamId": "6SXAqKRpJtyDMZ18cohsHn___pNox4htdA",
                "streamType": "IM"
            },
            "externalRecipients": false,
            "userAgent": "DESKTOP-40.0.0-10714-MacOSX-10.14.6-Chrome-77.0.3865.120",
            "originalFormat": "com.symphony.messageml.v2"
        }
    }
}
2019-10-30 11:27:15,989 - root - DEBUG - UserClient/get_session_user()
2019-10-30 11:27:16,132 - root - DEBUG - DataFeedEventService/handle_event()
2019-10-30 11:27:16,132 - root - DEBUG - msg_sent_handler function started
2019-10-30 11:27:16,133 - root - DEBUG - im_processor/process_im_message()
2019-10-30 11:27:16,133 - root - DEBUG - {
    "messageId": "nEHa8MgH3yhTW3UfAN4yLX___pHiuM8mbQ",
    "timestamp": 1572449235161,
    "message": "<div data-format=\"PresentationML\" data-version=\"2.0\" class=\"wysiwyg\"><p><span class=\"entity\" data-entity-id=\"0\">@ExpenseBot</span> create new</p></div>",
    "data": "{\"0\":{\"id\":[{\"type\":\"com.symphony.user.userId\",\"value\":\"349026222344891\"}],\"type\":\"com.symphony.user.mention\"}}",
    "user": {
        "userId": 349026222344902,
        "firstName": "Reed",
        "lastName": "Feldman",
        "displayName": "Reed Feldman (Develop 2)",
        "email": "reed.feldman@symphony.com",
        "username": "reed.feldman@symphony.com"
    },
    "stream": {
        "streamId": "6SXAqKRpJtyDMZ18cohsHn___pNox4htdA",
        "streamType": "IM"
    },
    "externalRecipients": false,
    "userAgent": "DESKTOP-40.0.0-10714-MacOSX-10.14.6-Chrome-77.0.3865.120",
    "originalFormat": "com.symphony.messageml.v2"
}
2019-10-30 11:27:16,136 - root - DEBUG - new expense report requested by Reed Feldman (Develop 2)
2019-10-30 11:27:16,136 - root - DEBUG - MessageClient/send_msg()
2019-10-30 11:27:16,726 - root - DEBUG - DataFeedClient/read_datafeed()
2019-10-30 11:27:16,943 - root - DEBUG - DataFeedEventService/read_datafeed() --> Incoming data from read_datafeed(): {
    "messageSent": {
        "message": {
            "messageId": "_z5HVubkgNC6CQdwiFuQMn___pHiuMlNdA",
            "timestamp": 1572449236664,
            "message": "<div data-format=\"PresentationML\" data-version=\"2.0\">                                           <form id=\"form_id\">                                             <span><p>Create and fill up the report and I'll send it over!</p></span>                                             <br/>                                             <div style=\"padding-top:1px;padding-left:5px;\">                                                 <button type=\"action\" name=\"create-report\">CREATE REPORT</button>                                             </div>                                           </form>                                        </div>",
            "user": {
                "userId": 349026222344891,
                "displayName": "ExpenseBot",
                "email": "karlPythonDemo@demo.com",
                "username": "karlPythonDemo"
            },
            "stream": {
                "streamId": "6SXAqKRpJtyDMZ18cohsHn___pNox4htdA",
                "streamType": "IM"
            },
            "externalRecipients": false,
            "userAgent": "Agent-2.55.9-Linux-4.14.143-91.122.amzn1.x86_64",
            "originalFormat": "com.symphony.messageml.v2"
        }
    }
}
2019-10-30 11:27:16,943 - root - DEBUG - DataFeedClient/read_datafeed()
2019-10-30 11:27:19,390 - root - DEBUG - DataFeedEventService/read_datafeed() --> Incoming data from read_datafeed(): {
    "symphonyElementsAction": {
        "actionStream": {
            "streamId": "7E0uuntjN5Tg-GnnB2mHe3___pNoxsDddA"
        },
        "formStream": {
            "streamId": "6SXAqKRpJtyDMZ18cohsHn///pNox4htdA=="
        },
        "formMessageId": "/z5HVubkgNC6CQdwiFuQMn///pHiuMlNdA==",
        "formId": "form_id",
        "formValues": {
            "action": "create-report"
        }
    }
}
2019-10-30 11:27:19,390 - root - DEBUG - DataFeedEventService/handle_event()
2019-10-30 11:27:19,390 - root - DEBUG - elements_action_handler
2019-10-30 11:27:19,390 - root - DEBUG - StreamClient/stream_info_v2()
2019-10-30 11:27:19,423 - root - DEBUG - action_processor/im_process
2019-10-30 11:27:19,423 - root - DEBUG - {
    "id": "oY72iI",
    "messageId": "98E0IM1yTj6-cTPsx-6LKn___pHiuL-ibQ",
    "timestamp": 1572449239133,
    "type": "SYMPHONYELEMENTSACTION",
    "initiator": {
        "user": {
            "userId": 349026222344902,
            "firstName": "Reed",
            "lastName": "Feldman",
            "displayName": "Reed Feldman (Develop 2)",
            "email": "reed.feldman@symphony.com",
            "username": "reed.feldman@symphony.com"
        }
    },
    "payload": {
        "symphonyElementsAction": {
            "actionStream": {
                "streamId": "7E0uuntjN5Tg-GnnB2mHe3___pNoxsDddA"
            },
            "formStream": {
                "streamId": "6SXAqKRpJtyDMZ18cohsHn///pNox4htdA=="
            },
            "formMessageId": "/z5HVubkgNC6CQdwiFuQMn///pHiuMlNdA==",
            "formId": "form_id",
            "formValues": {
                "action": "create-report"
            }
        }
    }
}
2019-10-30 11:27:19,432 - root - DEBUG - MessageClient/send_msg()
2019-10-30 11:27:19,636 - root - DEBUG - DataFeedClient/read_datafeed()
2019-10-30 11:27:19,917 - root - DEBUG - DataFeedEventService/read_datafeed() --> Incoming data from read_datafeed(): {
    "messageSent": {
        "message": {
            "messageId": "dHuzY4NB10uHlMNWLWfT4H___pHiuL3ndA",
            "timestamp": 1572449239581,
            "message": "<div data-format=\"PresentationML\" data-version=\"2.0\">     <form id=\"expense-approval-form\">             <div style=\"padding-top:1px;padding-left:5px;\"><button type=\"action\" name=\"add-expense-form\">ADD EXPENSE</button></div>     </form> </div>",
            "user": {
                "userId": 349026222344891,
                "displayName": "ExpenseBot",
                "email": "karlPythonDemo@demo.com",
                "username": "karlPythonDemo"
            },
            "stream": {
                "streamId": "6SXAqKRpJtyDMZ18cohsHn___pNox4htdA",
                "streamType": "IM"
            },
            "externalRecipients": false,
            "userAgent": "Agent-2.55.9-Linux-4.14.143-91.122.amzn1.x86_64",
            "originalFormat": "com.symphony.messageml.v2"
        }
    }
}
2019-10-30 11:27:19,917 - root - DEBUG - DataFeedClient/read_datafeed()
2019-10-30 11:27:22,038 - root - DEBUG - DataFeedEventService/read_datafeed() --> Incoming data from read_datafeed(): {
    "symphonyElementsAction": {
        "actionStream": {
            "streamId": "7E0uuntjN5Tg-GnnB2mHe3___pNoxsDddA"
        },
        "formStream": {
            "streamId": "6SXAqKRpJtyDMZ18cohsHn///pNox4htdA=="
        },
        "formMessageId": "dHuzY4NB10uHlMNWLWfT4H///pHiuL3ndA==",
        "formId": "expense-approval-form",
        "formValues": {
            "action": "add-expense-form"
        }
    }
}
2019-10-30 11:27:22,038 - root - DEBUG - DataFeedEventService/handle_event()
2019-10-30 11:27:22,038 - root - DEBUG - elements_action_handler
2019-10-30 11:27:22,039 - root - DEBUG - StreamClient/stream_info_v2()
2019-10-30 11:27:22,070 - root - DEBUG - action_processor/im_process
2019-10-30 11:27:22,070 - root - DEBUG - {
    "id": "juQd76",
    "messageId": "-YIaN63gNo-IedLm2Y9tEX___pHiuLT-bQ",
    "timestamp": 1572449241857,
    "type": "SYMPHONYELEMENTSACTION",
    "initiator": {
        "user": {
            "userId": 349026222344902,
            "firstName": "Reed",
            "lastName": "Feldman",
            "displayName": "Reed Feldman (Develop 2)",
            "email": "reed.feldman@symphony.com",
            "username": "reed.feldman@symphony.com"
        }
    },
    "payload": {
        "symphonyElementsAction": {
            "actionStream": {
                "streamId": "7E0uuntjN5Tg-GnnB2mHe3___pNoxsDddA"
            },
            "formStream": {
                "streamId": "6SXAqKRpJtyDMZ18cohsHn///pNox4htdA=="
            },
            "formMessageId": "dHuzY4NB10uHlMNWLWfT4H///pHiuL3ndA==",
            "formId": "expense-approval-form",
            "formValues": {
                "action": "add-expense-form"
            }
        }
    }
}
2019-10-30 11:27:22,071 - root - DEBUG - MessageClient/send_msg()
2019-10-30 11:27:22,508 - root - DEBUG - DataFeedClient/read_datafeed()
2019-10-30 11:27:22,715 - root - DEBUG - DataFeedEventService/read_datafeed() --> Incoming data from read_datafeed(): {
    "messageSent": {
        "message": {
            "messageId": "E933fLFyQWLjP3ipw_geFH___pHiuLOUdA",
            "timestamp": 1572449242224,
            "message": "<div data-format=\"PresentationML\" data-version=\"2.0\">   <form id=\"add-expense-form\">     <span>         <h3>Add Expense</h3>     </span>     <div style=\"padding-top:1px;padding-left:5px;\">         <input type=\"text\" name=\"add-vendor-textfield\" placeholder=\"Lunch \" required=\"true\"/>         <input type=\"text\" name=\"add-date-textfield\" placeholder=\"Date \" required=\"true\"/>         <input type=\"text\" name=\"add-price-textfield\" placeholder=\"$ \" required=\"true\"/>         <br/>     </div>     <br/>     <textarea name=\"add-description\" placeholder=\"Expense Description\" required=\"true\"></textarea>     <br/>     <div style=\"padding-top:1px;padding-left:5px;\">       <button type=\"action\" name=\"add-expense-button\">ADD TO LIST</button>     </div>   </form> </div>",
            "user": {
                "userId": 349026222344891,
                "displayName": "ExpenseBot",
                "email": "karlPythonDemo@demo.com",
                "username": "karlPythonDemo"
            },
            "stream": {
                "streamId": "6SXAqKRpJtyDMZ18cohsHn___pNox4htdA",
                "streamType": "IM"
            },
            "externalRecipients": false,
            "userAgent": "Agent-2.55.9-Linux-4.14.143-91.122.amzn1.x86_64",
            "originalFormat": "com.symphony.messageml.v2"
        }
    }
}
2019-10-30 11:27:22,715 - root - DEBUG - DataFeedClient/read_datafeed()
2019-10-30 11:27:35,343 - root - DEBUG - DataFeedEventService/read_datafeed() --> Incoming data from read_datafeed(): {
    "symphonyElementsAction": {
        "actionStream": {
            "streamId": "7E0uuntjN5Tg-GnnB2mHe3___pNoxsDddA"
        },
        "formStream": {
            "streamId": "6SXAqKRpJtyDMZ18cohsHn///pNox4htdA=="
        },
        "formMessageId": "E933fLFyQWLjP3ipw/geFH///pHiuLOUdA==",
        "formId": "add-expense-form",
        "formValues": {
            "action": "add-expense-button",
            "add-vendor-textfield": "Lunch",
            "add-date-textfield": "Today",
            "add-price-textfield": "12.99",
            "add-description": "aslkdfw"
        }
    }
}
2019-10-30 11:27:35,343 - root - DEBUG - DataFeedEventService/handle_event()
2019-10-30 11:27:35,344 - root - DEBUG - elements_action_handler
2019-10-30 11:27:35,344 - root - DEBUG - StreamClient/stream_info_v2()
2019-10-30 11:27:35,377 - root - DEBUG - action_processor/im_process
2019-10-30 11:27:35,377 - root - DEBUG - {
    "id": "I5qcWG",
    "messageId": "TDwmLJLP5GzGYlO9hHloF3___pHiuIMlbQ",
    "timestamp": 1572449254618,
    "type": "SYMPHONYELEMENTSACTION",
    "initiator": {
        "user": {
            "userId": 349026222344902,
            "firstName": "Reed",
            "lastName": "Feldman",
            "displayName": "Reed Feldman (Develop 2)",
            "email": "reed.feldman@symphony.com",
            "username": "reed.feldman@symphony.com"
        }
    },
    "payload": {
        "symphonyElementsAction": {
            "actionStream": {
                "streamId": "7E0uuntjN5Tg-GnnB2mHe3___pNoxsDddA"
            },
            "formStream": {
                "streamId": "6SXAqKRpJtyDMZ18cohsHn///pNox4htdA=="
            },
            "formMessageId": "E933fLFyQWLjP3ipw/geFH///pHiuLOUdA==",
            "formId": "add-expense-form",
            "formValues": {
                "action": "add-expense-button",
                "add-vendor-textfield": "Lunch",
                "add-date-textfield": "Today",
                "add-price-textfield": "12.99",
                "add-description": "aslkdfw"
            }
        }
    }
}
2019-10-30 11:27:35,389 - root - DEBUG - MessageClient/send_msg()
2019-10-30 11:27:35,835 - root - DEBUG - DataFeedClient/read_datafeed()
2019-10-30 11:27:36,042 - root - DEBUG - DataFeedEventService/read_datafeed() --> Incoming data from read_datafeed(): {
    "messageSent": {
        "message": {
            "messageId": "NNzW9iFCUf-fPs3O04U2FX___pHiuH-NdA",
            "timestamp": 1572449255543,
            "message": "<div data-format=\"PresentationML\" data-version=\"2.0\">     <form id=\"expense-approval-form\">           <table>               <thead>                   <tr>                       <td>Expense Name:</td>                       <td>Expense Date:</td>                       <td>Expense Description:</td>                       <td>Expense Amount:</td>                       <td>Remove</td>                   </tr>               </thead>               <tbody>                 <tr>                   <td>Lunch</td>                   <td>Today</td>                   <td>aslkdfw</td>                   <td>$12.99</td>                   <td><button type=\"action\" name=\"remove 12.99 lunch\">Remove</button></td>                 </tr>               </tbody>               <tfoot>                   <tr>                       <td> </td>                       <td> </td>                       <td> </td>                       <td>Total: $12.00</td>                       <td> </td>                   </tr>               </tfoot>           </table>             <div style=\"padding-top:1px;padding-left:5px;\"><button type=\"action\" name=\"add-expense-form\">ADD EXPENSE</button>             <button type=\"action\" name=\"approve\">SEND FOR APPROVAL</button></div>     </form> </div>",
            "user": {
                "userId": 349026222344891,
                "displayName": "ExpenseBot",
                "email": "karlPythonDemo@demo.com",
                "username": "karlPythonDemo"
            },
            "stream": {
                "streamId": "6SXAqKRpJtyDMZ18cohsHn___pNox4htdA",
                "streamType": "IM"
            },
            "externalRecipients": false,
            "userAgent": "Agent-2.55.9-Linux-4.14.143-91.122.amzn1.x86_64",
            "originalFormat": "com.symphony.messageml.v2"
        }
    }
}
2019-10-30 11:27:36,042 - root - DEBUG - DataFeedClient/read_datafeed()
2019-10-30 11:27:37,696 - root - DEBUG - DataFeedEventService/read_datafeed() --> Incoming data from read_datafeed(): {
    "symphonyElementsAction": {
        "actionStream": {
            "streamId": "7E0uuntjN5Tg-GnnB2mHe3___pNoxsDddA"
        },
        "formStream": {
            "streamId": "6SXAqKRpJtyDMZ18cohsHn///pNox4htdA=="
        },
        "formMessageId": "NNzW9iFCUf+fPs3O04U2FX///pHiuH+NdA==",
        "formId": "expense-approval-form",
        "formValues": {
            "action": "approve"
        }
    }
}
2019-10-30 11:27:37,696 - root - DEBUG - DataFeedEventService/handle_event()
2019-10-30 11:27:37,696 - root - DEBUG - elements_action_handler
2019-10-30 11:27:37,696 - root - DEBUG - StreamClient/stream_info_v2()
2019-10-30 11:27:37,726 - root - DEBUG - action_processor/im_process
2019-10-30 11:27:37,726 - root - DEBUG - {
    "id": "74QbJR",
    "messageId": "VhqDpWsptMzXGQpimx_VE3___pHiuHfdbQ",
    "timestamp": 1572449257506,
    "type": "SYMPHONYELEMENTSACTION",
    "initiator": {
        "user": {
            "userId": 349026222344902,
            "firstName": "Reed",
            "lastName": "Feldman",
            "displayName": "Reed Feldman (Develop 2)",
            "email": "reed.feldman@symphony.com",
            "username": "reed.feldman@symphony.com"
        }
    },
    "payload": {
        "symphonyElementsAction": {
            "actionStream": {
                "streamId": "7E0uuntjN5Tg-GnnB2mHe3___pNoxsDddA"
            },
            "formStream": {
                "streamId": "6SXAqKRpJtyDMZ18cohsHn///pNox4htdA=="
            },
            "formMessageId": "NNzW9iFCUf+fPs3O04U2FX///pHiuH+NdA==",
            "formId": "expense-approval-form",
            "formValues": {
                "action": "approve"
            }
        }
    }
}
2019-10-30 11:27:37,726 - root - DEBUG - MessageClient/send_msg()
2019-10-30 11:27:38,005 - root - DEBUG - MessageClient/send_msg()
2019-10-30 11:27:38,259 - root - DEBUG - DataFeedClient/read_datafeed()
2019-10-30 11:27:38,469 - root - DEBUG - DataFeedEventService/read_datafeed() --> Incoming data from read_datafeed(): {
    "messageSent": {
        "message": {
            "messageId": "gl0bMPqm3k-G8S5gZwifCX___pHiuHZCdA",
            "timestamp": 1572449257923,
            "message": "<div data-format=\"PresentationML\" data-version=\"2.0\">Please select your manager and I will send them your expense report</div>",
            "user": {
                "userId": 349026222344891,
                "displayName": "ExpenseBot",
                "email": "karlPythonDemo@demo.com",
                "username": "karlPythonDemo"
            },
            "stream": {
                "streamId": "6SXAqKRpJtyDMZ18cohsHn___pNox4htdA",
                "streamType": "IM"
            },
            "externalRecipients": false,
            "userAgent": "Agent-2.55.9-Linux-4.14.143-91.122.amzn1.x86_64",
            "originalFormat": "com.symphony.messageml.v2"
        }
    }
}
2019-10-30 11:27:38,469 - root - DEBUG - DataFeedClient/read_datafeed()
2019-10-30 11:27:46,612 - root - DEBUG - DataFeedEventService/read_datafeed() --> Incoming data from read_datafeed(): {
    "symphonyElementsAction": {
        "actionStream": {
            "streamId": "7E0uuntjN5Tg-GnnB2mHe3___pNoxsDddA"
        },
        "formStream": {
            "streamId": "6SXAqKRpJtyDMZ18cohsHn///pNox4htdA=="
        },
        "formMessageId": "PQyfEnDUyyE2eEKLkeJgy3///pHiuHUpdA==",
        "formId": "select-boss",
        "formValues": {
            "action": "send-report",
            "person-selector": [
                349026222344902
            ]
        }
    }
}
2019-10-30 11:27:46,612 - root - DEBUG - DataFeedEventService/handle_event()
2019-10-30 11:27:46,612 - root - DEBUG - elements_action_handler
2019-10-30 11:27:46,612 - root - DEBUG - StreamClient/stream_info_v2()
2019-10-30 11:27:46,645 - root - DEBUG - action_processor/im_process
2019-10-30 11:27:46,645 - root - DEBUG - {
    "id": "sOg1A0",
    "messageId": "jQ8zsAEVjmd_zUvEAPgUrX___pHiuFVWbQ",
    "timestamp": 1572449266345,
    "type": "SYMPHONYELEMENTSACTION",
    "initiator": {
        "user": {
            "userId": 349026222344902,
            "firstName": "Reed",
            "lastName": "Feldman",
            "displayName": "Reed Feldman (Develop 2)",
            "email": "reed.feldman@symphony.com",
            "username": "reed.feldman@symphony.com"
        }
    },
    "payload": {
        "symphonyElementsAction": {
            "actionStream": {
                "streamId": "7E0uuntjN5Tg-GnnB2mHe3___pNoxsDddA"
            },
            "formStream": {
                "streamId": "6SXAqKRpJtyDMZ18cohsHn///pNox4htdA=="
            },
            "formMessageId": "PQyfEnDUyyE2eEKLkeJgy3///pHiuHUpdA==",
            "formId": "select-boss",
            "formValues": {
                "action": "send-report",
                "person-selector": [
                    349026222344902
                ]
            }
        }
    }
}
2019-10-30 11:27:46,645 - root - DEBUG - UserClient/get_user_from_id()
2019-10-30 11:27:46,675 - root - DEBUG - MessageClient/send_msg()
2019-10-30 11:27:46,882 - root - DEBUG - StreamClient/create_im()
2019-10-30 11:27:46,917 - root - DEBUG - MessageClient/send_msg()
2019-10-30 11:27:47,319 - root - DEBUG - MessageClient/send_msg()
2019-10-30 11:27:47,591 - root - DEBUG - MessageClient/send_msg()
2019-10-30 11:27:47,937 - root - DEBUG - DataFeedClient/read_datafeed()
2019-10-30 11:27:48,170 - root - DEBUG - DataFeedEventService/read_datafeed() --> Incoming data from read_datafeed(): {
    "messageSent": {
        "message": {
            "messageId": "_qrh1OD7GXBm2_XMyFI_ln___pHiuFN6dA",
            "timestamp": 1572449266826,
            "message": "<div data-format=\"PresentationML\" data-version=\"2.0\">Your expense has been submitted to Reed Feldman (Develop 2) I will inform you when your manager answers</div>",
            "user": {
                "userId": 349026222344891,
                "displayName": "ExpenseBot",
                "email": "karlPythonDemo@demo.com",
                "username": "karlPythonDemo"
            },
            "stream": {
                "streamId": "6SXAqKRpJtyDMZ18cohsHn___pNox4htdA",
                "streamType": "IM"
            },
            "externalRecipients": false,
            "userAgent": "Agent-2.55.9-Linux-4.14.143-91.122.amzn1.x86_64",
            "originalFormat": "com.symphony.messageml.v2"
        }
    }
}
2019-10-30 11:27:48,170 - root - DEBUG - DataFeedClient/read_datafeed()
2019-10-30 11:27:48,884 - root - DEBUG - DataFeedEventService/read_datafeed() --> Incoming data from read_datafeed(): {
    "symphonyElementsAction": {
        "actionStream": {
            "streamId": "7E0uuntjN5Tg-GnnB2mHe3___pNoxsDddA"
        },
        "formStream": {
            "streamId": "6SXAqKRpJtyDMZ18cohsHn///pNox4htdA=="
        },
        "formMessageId": "FxoLJ8lrBGWY8/PNp1SyqX///pHiuE+5dA==",
        "formId": "expense-approval-form",
        "formValues": {
            "action": "approve-expense 349026222344902"
        }
    }
}
2019-10-30 11:27:48,884 - root - DEBUG - DataFeedEventService/handle_event()
2019-10-30 11:27:48,884 - root - DEBUG - elements_action_handler
2019-10-30 11:27:48,884 - root - DEBUG - StreamClient/stream_info_v2()
2019-10-30 11:27:48,918 - root - DEBUG - action_processor/im_process
2019-10-30 11:27:48,918 - root - DEBUG - {
    "id": "rL9DsX",
    "messageId": "qGC7XU_F-ncbROQxNb_3VX___pHiuEwbbQ",
    "timestamp": 1572449268708,
    "type": "SYMPHONYELEMENTSACTION",
    "initiator": {
        "user": {
            "userId": 349026222344902,
            "firstName": "Reed",
            "lastName": "Feldman",
            "displayName": "Reed Feldman (Develop 2)",
            "email": "reed.feldman@symphony.com",
            "username": "reed.feldman@symphony.com"
        }
    },
    "payload": {
        "symphonyElementsAction": {
            "actionStream": {
                "streamId": "7E0uuntjN5Tg-GnnB2mHe3___pNoxsDddA"
            },
            "formStream": {
                "streamId": "6SXAqKRpJtyDMZ18cohsHn///pNox4htdA=="
            },
            "formMessageId": "FxoLJ8lrBGWY8/PNp1SyqX///pHiuE+5dA==",
            "formId": "expense-approval-form",
            "formValues": {
                "action": "approve-expense 349026222344902"
            }
        }
    }
}
2019-10-30 11:27:48,918 - root - DEBUG - MessageClient/send_msg()
2019-10-30 11:27:49,123 - root - DEBUG - MessageClient/send_msg()
2019-10-30 11:27:49,346 - root - DEBUG - DataFeedClient/read_datafeed()
2019-10-30 11:27:49,554 - root - DEBUG - DataFeedEventService/read_datafeed() --> Incoming data from read_datafeed(): {
    "messageSent": {
        "message": {
            "messageId": "MOMh0-hcvmH9oaLOi2uJqn___pHiuEq7dA",
            "timestamp": 1572449269066,
            "message": "<div data-format=\"PresentationML\" data-version=\"2.0\">Now I need to know who is the finance responsible for the report and reimbursement.</div>",
            "user": {
                "userId": 349026222344891,
                "displayName": "ExpenseBot",
                "email": "karlPythonDemo@demo.com",
                "username": "karlPythonDemo"
            },
            "stream": {
                "streamId": "6SXAqKRpJtyDMZ18cohsHn___pNox4htdA",
                "streamType": "IM"
            },
            "externalRecipients": false,
            "userAgent": "Agent-2.55.9-Linux-4.14.143-91.122.amzn1.x86_64",
            "originalFormat": "com.symphony.messageml.v2"
        }
    }
}
2019-10-30 11:27:49,554 - root - DEBUG - DataFeedClient/read_datafeed()
2019-10-30 11:27:56,186 - root - DEBUG - DataFeedEventService/read_datafeed() --> Incoming data from read_datafeed(): {
    "symphonyElementsAction": {
        "actionStream": {
            "streamId": "7E0uuntjN5Tg-GnnB2mHe3___pNoxsDddA"
        },
        "formStream": {
            "streamId": "6SXAqKRpJtyDMZ18cohsHn///pNox4htdA=="
        },
        "formMessageId": "rdt6bPhYQmzsWFJ5RijGcX///pHiuEnedA==",
        "formId": "select-boss",
        "formValues": {
            "action": "send-finance",
            "person-selector": [
                349026222348274
            ]
        }
    }
}
2019-10-30 11:27:56,186 - root - DEBUG - DataFeedEventService/handle_event()
2019-10-30 11:27:56,186 - root - DEBUG - elements_action_handler
2019-10-30 11:27:56,186 - root - DEBUG - StreamClient/stream_info_v2()
2019-10-30 11:27:56,217 - root - DEBUG - action_processor/im_process
2019-10-30 11:27:56,218 - root - DEBUG - {
    "id": "OjZdws",
    "messageId": "waF_fCCeU43yDSejHA90kn___pHiuC-8bQ",
    "timestamp": 1572449275971,
    "type": "SYMPHONYELEMENTSACTION",
    "initiator": {
        "user": {
            "userId": 349026222344902,
            "firstName": "Reed",
            "lastName": "Feldman",
            "displayName": "Reed Feldman (Develop 2)",
            "email": "reed.feldman@symphony.com",
            "username": "reed.feldman@symphony.com"
        }
    },
    "payload": {
        "symphonyElementsAction": {
            "actionStream": {
                "streamId": "7E0uuntjN5Tg-GnnB2mHe3___pNoxsDddA"
            },
            "formStream": {
                "streamId": "6SXAqKRpJtyDMZ18cohsHn///pNox4htdA=="
            },
            "formMessageId": "rdt6bPhYQmzsWFJ5RijGcX///pHiuEnedA==",
            "formId": "select-boss",
            "formValues": {
                "action": "send-finance",
                "person-selector": [
                    349026222348274
                ]
            }
        }
    }
}
